<?xml version="1.0" encoding="UTF-8"?>
<!-- Generated by org.testng.reporters.JUnitXMLReporter -->
<testsuite ignored="2" hostname="DESKTOP-OGE7II3" failures="0" tests="2" name="Test" time="146.601" errors="0" timestamp="2024-04-17T17:14:46 IST">
  <testcase classname="com.tyss.easywhiz.user.OrderProductAndTrackOrderSameProductTest" name="orderProductAndTrack" time="77.503"/>
  <testcase classname="com.tyss.easywhiz.user.OrderProductTest" name="orderProductTest" time="47.794"/>
  <testcase classname="com.tyss.easywhiz.GenericUtility.BaseClass" name="@AfterSuite closeDB" time="0.0">
    <ignored/>
  </testcase> <!-- @AfterSuite closeDB -->
  <testcase classname="com.tyss.easywhiz.GenericUtility.BaseClass" name="@BeforeSuite connectToDB" time="0.0">
    <ignored/>
  </testcase> <!-- @BeforeSuite connectToDB -->
</testsuite> <!-- Test -->
